# /usr/local/bin/python2.7 setup.py build
running build
running build_ext
building 'asfer_virgo_pyext' extension
creating build
creating build/temp.linux-x86_64-2.7
gcc -pthread -m64 -march=x86-64 -fno-strict-aliasing -m64 -march=x86-64 -m64 -march=x86-64 -DNDEBUG -g -fwrapv -O3 -Wall -Wstrict-prototypes -fPIC -I/usr/local/include/python2.7 -c asferpythonextensions.c -o build/temp.linux-x86_64-2.7/asferpythonextensions.o
asferpythonextensions.c: In function ‘asfer_virgo_set_kernel_analytics’:
asferpythonextensions.c:61:20: warning: unused variable ‘ret’ [-Wunused-variable]
           long int ret=syscall(548,"virgo_cloud_test_kernelspace");
                    ^
asferpythonextensions.c:93:9: warning: unused variable ‘free_ret’ [-Wunused-variable]
    long free_ret=syscall(552,virgo_unique_id);
         ^
asferpythonextensions.c:88:9: warning: unused variable ‘get_ret’ [-Wunused-variable]
    long get_ret=syscall(551,virgo_unique_id,get_data);
         ^
asferpythonextensions.c:83:9: warning: unused variable ‘set_ret’ [-Wunused-variable]
    long set_ret=syscall(550,virgo_unique_id,set_data);
         ^
asferpythonextensions.c: At top level:
asferpythonextensions.c:136:39: warning: initialization from incompatible pointer type [-Wincompatible-pointer-types]
  {"asfer_virgo_set_kernel_analytics", asfer_virgo_set_kernel_analytics, METH_VARARGS, py_add_doc},
                                       ^
asferpythonextensions.c:136:39: note: (near initialization for ‘AsFer_VIRGO_Methods[0].ml_meth’)
asferpythonextensions.c: In function ‘initasfer_virgo_pyext’:
asferpythonextensions.c:144:12: warning: variable ‘mod’ set but not used [-Wunused-but-set-variable]
  PyObject* mod;
            ^
asferpythonextensions.c: In function ‘asfer_virgo_set_kernel_analytics’:
asferpythonextensions.c:128:1: warning: control reaches end of non-void function [-Wreturn-type]
 }
 ^
creating build/lib.linux-x86_64-2.7
gcc -pthread -m64 -march=x86-64 -shared build/temp.linux-x86_64-2.7/asferpythonextensions.o -o build/lib.linux-x86_64-2.7/asfer_virgo_pyext.so
