prevlevelsynsets:

matching synset:

prevlevelsynsets:

matching synset:

prevlevelsynsets:

matching synset:

prevlevelsynsets:

matching synset:

prevlevelsynsets:

matching synset:

prevlevelsynsets:

matching synset:

prevlevelsynsets:

matching synset:

prevlevelsynsets:

matching synset:

prevlevelsynsets:

matching synset:

prevlevelsynsets:

matching synset:

prevlevelsynsets:

matching synset:

prevlevelsynsets:

matching synset:

prevlevelsynsets:

matching synset:

prevlevelsynsets:

matching synset:

prevlevelsynsets:

matching synset:

prevlevelsynsets:

matching synset:

prevlevelsynsets:

matching synset:

prevlevelsynsets:

matching synset:

prevlevelsynsets:

matching synset:

prevlevelsynsets:

matching synset:

prevlevelsynsets:

matching synset:

prevlevelsynsets:

matching synset:

prevlevelsynsets:

matching synset:

prevlevelsynsets:

matching synset:

prevlevelsynsets:

matching synset:

prevlevelsynsets:

matching synset:

prevlevelsynsets:

matching synset:

prevlevelsynsets:

matching synset:

prevlevelsynsets:

matching synset:

prevlevelsynsets:

matching synset:

prevlevelsynsets:

matching synset:

prevlevelsynsets:

matching synset:

prevlevelsynsets:

matching synset:

prevlevelsynsets:

matching synset:

prevlevelsynsets:

matching synset:

prevlevelsynsets:

matching synset:

prevlevelsynsets:

matching synset:

prevlevelsynsets:

matching synset:

prevlevelsynsets:

matching synset:

prevlevelsynsets:

matching synset:

prevlevelsynsets:

matching synset:

prevlevelsynsets:

matching synset:

prevlevelsynsets:

matching synset:

prevlevelsynsets:

matching synset:

prevlevelsynsets:

matching synset:

prevlevelsynsets:

matching synset:

prevlevelsynsets:

matching synset:

prevlevelsynsets:

matching synset:

prevlevelsynsets:

matching synset:

prevlevelsynsets:

matching synset:

prevlevelsynsets:

matching synset:

prevlevelsynsets:

matching synset:

At level:
1
tokens grasped at this level:

removing tokens already grasped:

Relatedness:
34
Vertices:
148
Edges:
182
converging terms(terms with more than 1 parent):
 
converging parents :

prevlevelsynsets:

matching synset:

prevlevelsynsets:

matching synset:

prevlevelsynsets:

matching synset:

prevlevelsynsets:

matching synset:

prevlevelsynsets:

matching synset:

prevlevelsynsets:

matching synset:

prevlevelsynsets:

matching synset:

prevlevelsynsets:

matching synset:

prevlevelsynsets:

matching synset:

prevlevelsynsets:

matching synset:

prevlevelsynsets:

matching synset:

prevlevelsynsets:

matching synset:

prevlevelsynsets:

matching synset:

prevlevelsynsets:

matching synset:

prevlevelsynsets:

matching synset:

prevlevelsynsets:

matching synset:

prevlevelsynsets:

matching synset:

prevlevelsynsets:

matching synset:

prevlevelsynsets:

matching synset:

prevlevelsynsets:

matching synset:

prevlevelsynsets:

matching synset:

prevlevelsynsets:

matching synset:

prevlevelsynsets:

matching synset:

prevlevelsynsets:

matching synset:

prevlevelsynsets:

matching synset:

prevlevelsynsets:

matching synset:

prevlevelsynsets:

matching synset:

prevlevelsynsets:

matching synset:

prevlevelsynsets:

matching synset:

prevlevelsynsets:

matching synset:

prevlevelsynsets:

matching synset:

prevlevelsynsets:

matching synset:

prevlevelsynsets:

matching synset:

prevlevelsynsets:

matching synset:

prevlevelsynsets:

matching synset:

prevlevelsynsets:

matching synset:

prevlevelsynsets:

matching synset:

prevlevelsynsets:

matching synset:

prevlevelsynsets:

matching synset:

prevlevelsynsets:

matching synset:

prevlevelsynsets:

matching synset:

prevlevelsynsets:

matching synset:

prevlevelsynsets:

matching synset:

prevlevelsynsets:

matching synset:

prevlevelsynsets:

matching synset:

prevlevelsynsets:

matching synset:

prevlevelsynsets:

matching synset:

prevlevelsynsets:

matching synset:

prevlevelsynsets:

matching synset:

prevlevelsynsets:

matching synset:

prevlevelsynsets:

matching synset:

prevlevelsynsets:

matching synset:

prevlevelsynsets:

matching synset:

prevlevelsynsets:

m